This is pdfTeX, Version 3.141592653-2.6-1.40.25 (MiKTeX 23.10.12) (preloaded format=pdflatex 2023.11.28)  29 NOV 2023 10:57
entering extended mode
 restricted \write18 enabled.
 file:line:error style messages enabled.
 %&-line parsing enabled.
**c:/Users/Tonmo/OneDrive/Documents/RUET_CSE/CSE2200/Lab2/q2/chapter2/chapter2-2.tex
(c:/Users/Tonmo/OneDrive/Documents/RUET_CSE/CSE2200/Lab2/q2/chapter2/chapter2-2.tex
LaTeX2e <2023-11-01>
L3 programming layer <2023-11-09>
(C:\Users\Tonmo\AppData\Local\Programs\MiKTeX\tex/latex/base\article.cls
Document Class: article 2023/05/17 v1.4n Standard LaTeX document class
(C:\Users\Tonmo\AppData\Local\Programs\MiKTeX\tex/latex/base\size11.clo
File: size11.clo 2023/05/17 v1.4n Standard LaTeX file (size option)
)
\c@part=\count186
\c@section=\count187
\c@subsection=\count188
\c@subsubsection=\count189
\c@paragraph=\count190
\c@subparagraph=\count191
\c@figure=\count192
\c@table=\count193
\abovecaptionskip=\skip48
\belowcaptionskip=\skip49
\bibindent=\dimen140
) (C:\Users\Tonmo\AppData\Local\Programs\MiKTeX\tex/latex/ulem\ulem.sty
\UL@box=\box51
\UL@hyphenbox=\box52
\UL@skip=\skip50
\UL@hook=\toks17
\UL@height=\dimen141
\UL@pe=\count194
\UL@pixel=\dimen142
\ULC@box=\box53
Package: ulem 2019/11/18
\ULdepth=\dimen143
) (C:\Users\Tonmo\AppData\Local\Programs\MiKTeX\tex/latex/l3backend\l3backend-pdftex.def
File: l3backend-pdftex.def 2023-11-09 L3 backend support: PDF output (pdfTeX)
\l__color_backend_stack_int=\count195
\l__pdf_internal_box=\box54
) (chapter2-2.aux)
\openout1 = `chapter2-2.aux'.

LaTeX Font Info:    Checking defaults for OML/cmm/m/it on input line 3.
LaTeX Font Info:    ... okay on input line 3.
LaTeX Font Info:    Checking defaults for OMS/cmsy/m/n on input line 3.
LaTeX Font Info:    ... okay on input line 3.
LaTeX Font Info:    Checking defaults for OT1/cmr/m/n on input line 3.
LaTeX Font Info:    ... okay on input line 3.
LaTeX Font Info:    Checking defaults for T1/cmr/m/n on input line 3.
LaTeX Font Info:    ... okay on input line 3.
LaTeX Font Info:    Checking defaults for TS1/cmr/m/n on input line 3.
LaTeX Font Info:    ... okay on input line 3.
LaTeX Font Info:    Checking defaults for OMX/cmex/m/n on input line 3.
LaTeX Font Info:    ... okay on input line 3.
LaTeX Font Info:    Checking defaults for U/cmr/m/n on input line 3.
LaTeX Font Info:    ... okay on input line 3.
LaTeX Font Info:    External font `cmex10' loaded for size
(Font)              <10.95> on input line 4.
LaTeX Font Info:    External font `cmex10' loaded for size
(Font)              <8> on input line 4.
LaTeX Font Info:    External font `cmex10' loaded for size
(Font)              <6> on input line 4.
 [1

{C:/Users/Tonmo/AppData/Local/MiKTeX/fonts/map/pdftex/pdftex.map}] (chapter2-2.aux)
 ***********
LaTeX2e <2023-11-01>
L3 programming layer <2023-11-09>
 ***********
 ) 
Here is how much of TeX's memory you used:
 542 strings out of 474586
 10158 string characters out of 5745680
 1929558 words of memory out of 5000000
 22795 multiletter control sequences out of 15000+600000
 561260 words of font info for 47 fonts, out of 8000000 for 9000
 1141 hyphenation exceptions out of 8191
 35i,5n,50p,212b,109s stack positions out of 10000i,1000n,20000p,200000b,200000s
<C:/Users/Tonmo/AppData/Local/Programs/MiKTeX/fonts/type1/public/amsfonts/cm/cmr10.pfb><C:/Users/Tonmo/AppData/Local/Programs/MiKTeX/fonts/type1/public/amsfonts/cm/cmti10.pfb><C:/Users/Tonmo/AppData/Local/Programs/MiKTeX/fonts/type1/public/amsfonts/latxfont/lasy6.pfb>
Output written on chapter2-2.pdf (1 page, 37718 bytes).
PDF statistics:
 21 PDF objects out of 1000 (max. 8388607)
 0 named destinations out of 1000 (max. 500000)
 1 words of extra memory for PDF output out of 10000 (max. 10000000)

